<?xml version="1.0" encoding="UTF-8"?>
<!-- Generated by org.testng.reporters.JUnitReportReporter -->
<testsuite skipped="0" hostname="DT-AKASH" name="com.healthec.pec.test.functional.LoginUC_001" tests="1" failures="0" timestamp="28 Mar 2017 11:10:46 GMT" time="4.501" errors="0">
  <testcase name="loginTC_001" time="4.501" classname="com.healthec.pec.test.functional.LoginUC_001"/>
</testsuite> <!-- com.healthec.pec.test.functional.LoginUC_001 -->
